The target system is: Linux - 1 - ARM
The host system is: Linux - 5.4.0-65-generic - x86_64
Compiling the C compiler identification source file "CMakeCCompilerId.c" succeeded.
Compiler: /usr/bin/arm-none-eabi-gcc 
Build flags: -mcpu=cortex-m3;-mthumb;-Wall;-fno-exceptions;-ffunction-sections;-fdata-sections;-Wno-unused-variable;-nostartfiles;-Wno-unused-parameter;-Wno-parentheses;-Wno-unused-function;-ggdb;-MD;-fno-common;-fmessage-length=0;-std=gnu99
Id flags:  

The output was:
0
/usr/lib/gcc/arm-none-eabi/9.2.1/../../../arm-none-eabi/bin/ld: warning: cannot find entry symbol _start; defaulting to 0000000000008000


Compilation of the C compiler identification source "CMakeCCompilerId.c" produced "CMakeCCompilerId.d"

Compilation of the C compiler identification source "CMakeCCompilerId.c" produced "a.out"

The C compiler identification is GNU, found in "/home/arjan/Documents/EdgeImpulse/Firmware/example-standalone-inferencing-ecm3532/Applications/edge-impulse-standalone/build2/CMakeFiles/3.16.3/CompilerIdC/a.out"

Compiling the CXX compiler identification source file "CMakeCXXCompilerId.cpp" succeeded.
Compiler: /usr/bin/arm-none-eabi-g++ 
Build flags: 
Id flags: -c 

The output was:
0


Compilation of the CXX compiler identification source "CMakeCXXCompilerId.cpp" produced "CMakeCXXCompilerId.o"

The CXX compiler identification is GNU, found in "/home/arjan/Documents/EdgeImpulse/Firmware/example-standalone-inferencing-ecm3532/Applications/edge-impulse-standalone/build2/CMakeFiles/3.16.3/CompilerIdCXX/CMakeCXXCompilerId.o"

Checking whether the ASM compiler is GNU using "--version" matched "(GNU assembler)|(GCC)|(Free Software Foundation)":
arm-none-eabi-gcc (15:9-2019-q4-0ubuntu1) 9.2.1 20191025 (release) [ARM/arm-9-branch revision 277599]
Copyright (C) 2019 Free Software Foundation, Inc.
This is free software; see the source for copying conditions.  There is NO
warranty; not even for MERCHANTABILITY or FITNESS FOR A PARTICULAR PURPOSE.

Determining if the C compiler works passed with the following output:
Change Dir: /home/arjan/Documents/EdgeImpulse/Firmware/example-standalone-inferencing-ecm3532/Applications/edge-impulse-standalone/build2/CMakeFiles/CMakeTmp

Run Build Command(s):/usr/bin/make cmTC_a4226/fast && /usr/bin/make -f CMakeFiles/cmTC_a4226.dir/build.make CMakeFiles/cmTC_a4226.dir/build
make[1]: Entering directory '/home/arjan/Documents/EdgeImpulse/Firmware/example-standalone-inferencing-ecm3532/Applications/edge-impulse-standalone/build2/CMakeFiles/CMakeTmp'
Building C object CMakeFiles/cmTC_a4226.dir/testCCompiler.c.o
/usr/bin/arm-none-eabi-gcc --sysroot=/usr/lib/arm-none-eabi   -mcpu=cortex-m3 -mthumb -Wall -fno-exceptions -ffunction-sections -fdata-sections -Wno-unused-variable -nostartfiles -Wno-unused-parameter -Wno-parentheses -Wno-unused-function -ggdb -MD -fno-common -fmessage-length=0 -std=gnu99    -o CMakeFiles/cmTC_a4226.dir/testCCompiler.c.o   -c /home/arjan/Documents/EdgeImpulse/Firmware/example-standalone-inferencing-ecm3532/Applications/edge-impulse-standalone/build2/CMakeFiles/CMakeTmp/testCCompiler.c
Linking C static library libcmTC_a4226.a
/usr/bin/cmake -P CMakeFiles/cmTC_a4226.dir/cmake_clean_target.cmake
/usr/bin/cmake -E cmake_link_script CMakeFiles/cmTC_a4226.dir/link.txt --verbose=1
/usr/bin/arm-none-eabi-ar qc libcmTC_a4226.a  CMakeFiles/cmTC_a4226.dir/testCCompiler.c.o
/usr/bin/arm-none-eabi-ranlib libcmTC_a4226.a
make[1]: Leaving directory '/home/arjan/Documents/EdgeImpulse/Firmware/example-standalone-inferencing-ecm3532/Applications/edge-impulse-standalone/build2/CMakeFiles/CMakeTmp'



Detecting C compiler ABI info compiled with the following output:
Change Dir: /home/arjan/Documents/EdgeImpulse/Firmware/example-standalone-inferencing-ecm3532/Applications/edge-impulse-standalone/build2/CMakeFiles/CMakeTmp

Run Build Command(s):/usr/bin/make cmTC_1b748/fast && /usr/bin/make -f CMakeFiles/cmTC_1b748.dir/build.make CMakeFiles/cmTC_1b748.dir/build
make[1]: Entering directory '/home/arjan/Documents/EdgeImpulse/Firmware/example-standalone-inferencing-ecm3532/Applications/edge-impulse-standalone/build2/CMakeFiles/CMakeTmp'
Building C object CMakeFiles/cmTC_1b748.dir/CMakeCCompilerABI.c.o
/usr/bin/arm-none-eabi-gcc --sysroot=/usr/lib/arm-none-eabi   -mcpu=cortex-m3 -mthumb -Wall -fno-exceptions -ffunction-sections -fdata-sections -Wno-unused-variable -nostartfiles -Wno-unused-parameter -Wno-parentheses -Wno-unused-function -ggdb -MD -fno-common -fmessage-length=0 -std=gnu99    -v -o CMakeFiles/cmTC_1b748.dir/CMakeCCompilerABI.c.o   -c /usr/share/cmake-3.16/Modules/CMakeCCompilerABI.c
Using built-in specs.
COLLECT_GCC=/usr/bin/arm-none-eabi-gcc
Target: arm-none-eabi
Configured with: ../configure --build=x86_64-linux-gnu --prefix=/usr --includedir='/usr/lib/include' --mandir='/usr/lib/share/man' --infodir='/usr/lib/share/info' --sysconfdir=/etc --localstatedir=/var --disable-silent-rules --libdir='/usr/lib/lib/x86_64-linux-gnu' --libexecdir='/usr/lib/lib/x86_64-linux-gnu' --disable-maintainer-mode --disable-dependency-tracking --mandir=/usr/share/man --enable-languages=c,c++,lto --enable-multilib --disable-decimal-float --disable-libffi --disable-libgomp --disable-libmudflap --disable-libquadmath --disable-libssp --disable-libstdcxx-pch --disable-nls --disable-shared --disable-threads --enable-tls --build=x86_64-linux-gnu --target=arm-none-eabi --with-system-zlib --with-gnu-as --with-gnu-ld --with-pkgversion=15:9-2019-q4-0ubuntu1 --without-included-gettext --prefix=/usr/lib --infodir=/usr/share/doc/gcc-arm-none-eabi/info --htmldir=/usr/share/doc/gcc-arm-none-eabi/html --pdfdir=/usr/share/doc/gcc-arm-none-eabi/pdf --bindir=/usr/bin --libexecdir=/usr/lib --libdir=/usr/lib --disable-libstdc++-v3 --host=x86_64-linux-gnu --with-headers=no --without-newlib --with-multilib-list=rmprofile CFLAGS='-g -O2 -fdebug-prefix-map=/build/gcc-arm-none-eabi-Gl9kT9/gcc-arm-none-eabi-9-2019-q4=. -fstack-protector-strong' CPPFLAGS='-Wdate-time -D_FORTIFY_SOURCE=2' CXXFLAGS='-g -O2 -fdebug-prefix-map=/build/gcc-arm-none-eabi-Gl9kT9/gcc-arm-none-eabi-9-2019-q4=. -fstack-protector-strong' FCFLAGS='-g -O2 -fdebug-prefix-map=/build/gcc-arm-none-eabi-Gl9kT9/gcc-arm-none-eabi-9-2019-q4=. -fstack-protector-strong' FFLAGS='-g -O2 -fdebug-prefix-map=/build/gcc-arm-none-eabi-Gl9kT9/gcc-arm-none-eabi-9-2019-q4=. -fstack-protector-strong' GCJFLAGS='-g -O2 -fdebug-prefix-map=/build/gcc-arm-none-eabi-Gl9kT9/gcc-arm-none-eabi-9-2019-q4=. -fstack-protector-strong' LDFLAGS='-Wl,-Bsymbolic-functions -Wl,-z,relro' OBJCFLAGS='-g -O2 -fdebug-prefix-map=/build/gcc-arm-none-eabi-Gl9kT9/gcc-arm-none-eabi-9-2019-q4=. -fstack-protector-strong' OBJCXXFLAGS='-g -O2 -fdebug-prefix-map=/build/gcc-arm-none-eabi-Gl9kT9/gcc-arm-none-eabi-9-2019-q4=. -fstack-protector-strong' INHIBIT_LIBC_CFLAGS=-DUSE_TM_CLONE_REGISTRY=0 AR_FOR_TARGET=arm-none-eabi-ar AS_FOR_TARGET=arm-none-eabi-as LD_FOR_TARGET=arm-none-eabi-ld NM_FOR_TARGET=arm-none-eabi-nm OBJDUMP_FOR_TARGET=arm-none-eabi-objdump RANLIB_FOR_TARGET=arm-none-eabi-ranlib READELF_FOR_TARGET=arm-none-eabi-readelf STRIP_FOR_TARGET=arm-none-eabi-strip
Thread model: single
gcc version 9.2.1 20191025 (release) [ARM/arm-9-branch revision 277599] (15:9-2019-q4-0ubuntu1) 
COLLECT_GCC_OPTIONS='-mcpu=cortex-m3' '-mthumb' '-Wall' '-fno-exceptions' '-ffunction-sections' '-fdata-sections' '-Wno-unused-variable' '-nostartfiles' '-Wno-unused-parameter' '-Wno-parentheses' '-Wno-unused-function' '-ggdb' '-MD' '-fno-common' '-fmessage-length=0' '-std=gnu99' '-v' '-o' 'CMakeFiles/cmTC_1b748.dir/CMakeCCompilerABI.c.o' '-c' '-mfloat-abi=soft' '-march=armv7-m'
 /usr/lib/gcc/arm-none-eabi/9.2.1/cc1 -quiet -v -imultilib thumb/v7-m/nofp -isysroot /usr/lib/arm-none-eabi -MD CMakeFiles/cmTC_1b748.dir/CMakeCCompilerABI.c.d -MQ CMakeFiles/cmTC_1b748.dir/CMakeCCompilerABI.c.o -D__USES_INITFINI__ /usr/share/cmake-3.16/Modules/CMakeCCompilerABI.c -quiet -dumpbase CMakeCCompilerABI.c -mcpu=cortex-m3 -mthumb -mfloat-abi=soft -march=armv7-m -auxbase-strip CMakeFiles/cmTC_1b748.dir/CMakeCCompilerABI.c.o -ggdb -Wall -Wno-unused-variable -Wno-unused-parameter -Wno-parentheses -Wno-unused-function -std=gnu99 -version -fno-exceptions -ffunction-sections -fdata-sections -fno-common -fmessage-length=0 -o /tmp/ccBYbqGp.s
GNU C99 (15:9-2019-q4-0ubuntu1) version 9.2.1 20191025 (release) [ARM/arm-9-branch revision 277599] (arm-none-eabi)
	compiled by GNU C version 9.2.1 20200306, GMP version 6.2.0, MPFR version 4.0.2, MPC version 1.1.0, isl version isl-0.22.1-GMP

GGC heuristics: --param ggc-min-expand=100 --param ggc-min-heapsize=131072
ignoring nonexistent directory "/usr/lib/gcc/arm-none-eabi/9.2.1/../../../arm-none-eabi/sys-include"
#include "..." search starts here:
#include <...> search starts here:
 /usr/lib/gcc/arm-none-eabi/9.2.1/include
 /usr/lib/gcc/arm-none-eabi/9.2.1/include-fixed
 /usr/lib/gcc/arm-none-eabi/9.2.1/../../../arm-none-eabi/include
End of search list.
GNU C99 (15:9-2019-q4-0ubuntu1) version 9.2.1 20191025 (release) [ARM/arm-9-branch revision 277599] (arm-none-eabi)
	compiled by GNU C version 9.2.1 20200306, GMP version 6.2.0, MPFR version 4.0.2, MPC version 1.1.0, isl version isl-0.22.1-GMP

GGC heuristics: --param ggc-min-expand=100 --param ggc-min-heapsize=131072
Compiler executable checksum: 66eaa5baf4e6721a1f372763dea5d447
COLLECT_GCC_OPTIONS='-mcpu=cortex-m3' '-mthumb' '-Wall' '-fno-exceptions' '-ffunction-sections' '-fdata-sections' '-Wno-unused-variable' '-nostartfiles' '-Wno-unused-parameter' '-Wno-parentheses' '-Wno-unused-function' '-ggdb' '-MD' '-fno-common' '-fmessage-length=0' '-std=gnu99' '-v' '-o' 'CMakeFiles/cmTC_1b748.dir/CMakeCCompilerABI.c.o' '-c' '-mfloat-abi=soft' '-march=armv7-m'
 /usr/lib/gcc/arm-none-eabi/9.2.1/../../../arm-none-eabi/bin/as -v -march=armv7-m -mfloat-abi=soft -meabi=5 -o CMakeFiles/cmTC_1b748.dir/CMakeCCompilerABI.c.o /tmp/ccBYbqGp.s
GNU assembler version 2.34 (arm-none-eabi) using BFD version (2.34-4ubuntu1+13ubuntu1) 2.34
COMPILER_PATH=/usr/lib/gcc/arm-none-eabi/9.2.1/:/usr/lib/gcc/arm-none-eabi/9.2.1/:/usr/lib/gcc/arm-none-eabi/:/usr/lib/gcc/arm-none-eabi/9.2.1/:/usr/lib/gcc/arm-none-eabi/:/usr/lib/gcc/arm-none-eabi/9.2.1/../../../arm-none-eabi/bin/
LIBRARY_PATH=/usr/lib/gcc/arm-none-eabi/9.2.1/thumb/v7-m/nofp/:/usr/lib/gcc/arm-none-eabi/9.2.1/../../../arm-none-eabi/lib/thumb/v7-m/nofp/:/usr/lib/arm-none-eabi/lib/thumb/v7-m/nofp/:/usr/lib/gcc/arm-none-eabi/9.2.1/:/usr/lib/gcc/arm-none-eabi/9.2.1/../../../arm-none-eabi/lib/:/usr/lib/arm-none-eabi/lib/
COLLECT_GCC_OPTIONS='-mcpu=cortex-m3' '-mthumb' '-Wall' '-fno-exceptions' '-ffunction-sections' '-fdata-sections' '-Wno-unused-variable' '-nostartfiles' '-Wno-unused-parameter' '-Wno-parentheses' '-Wno-unused-function' '-ggdb' '-MD' '-fno-common' '-fmessage-length=0' '-std=gnu99' '-v' '-o' 'CMakeFiles/cmTC_1b748.dir/CMakeCCompilerABI.c.o' '-c' '-mfloat-abi=soft' '-march=armv7-m'
Linking C static library libcmTC_1b748.a
/usr/bin/cmake -P CMakeFiles/cmTC_1b748.dir/cmake_clean_target.cmake
/usr/bin/cmake -E cmake_link_script CMakeFiles/cmTC_1b748.dir/link.txt --verbose=1
/usr/bin/arm-none-eabi-ar qc libcmTC_1b748.a  CMakeFiles/cmTC_1b748.dir/CMakeCCompilerABI.c.o
/usr/bin/arm-none-eabi-ranlib libcmTC_1b748.a
make[1]: Leaving directory '/home/arjan/Documents/EdgeImpulse/Firmware/example-standalone-inferencing-ecm3532/Applications/edge-impulse-standalone/build2/CMakeFiles/CMakeTmp'



Parsed C implicit include dir info from above output: rv=done
  found start of include info
  found start of implicit include info
    add: [/usr/lib/gcc/arm-none-eabi/9.2.1/include]
    add: [/usr/lib/gcc/arm-none-eabi/9.2.1/include-fixed]
    add: [/usr/lib/gcc/arm-none-eabi/9.2.1/../../../arm-none-eabi/include]
  end of search list found
  collapse include dir [/usr/lib/gcc/arm-none-eabi/9.2.1/include] ==> [/usr/lib/gcc/arm-none-eabi/9.2.1/include]
  collapse include dir [/usr/lib/gcc/arm-none-eabi/9.2.1/include-fixed] ==> [/usr/lib/gcc/arm-none-eabi/9.2.1/include-fixed]
  collapse include dir [/usr/lib/gcc/arm-none-eabi/9.2.1/../../../arm-none-eabi/include] ==> [/usr/lib/arm-none-eabi/include]
  implicit include dirs: [/usr/lib/gcc/arm-none-eabi/9.2.1/include;/usr/lib/gcc/arm-none-eabi/9.2.1/include-fixed;/usr/lib/arm-none-eabi/include]


Parsed C implicit link information from above output:
  link line regex: [^( *|.*[/\])(arm-none-eabi-ld|CMAKE_LINK_STARTFILE-NOTFOUND|([^/\]+-)?ld|collect2)[^/\]*( |$)]
  ignore line: [Change Dir: /home/arjan/Documents/EdgeImpulse/Firmware/example-standalone-inferencing-ecm3532/Applications/edge-impulse-standalone/build2/CMakeFiles/CMakeTmp]
  ignore line: []
  ignore line: [Run Build Command(s):/usr/bin/make cmTC_1b748/fast && /usr/bin/make -f CMakeFiles/cmTC_1b748.dir/build.make CMakeFiles/cmTC_1b748.dir/build]
  ignore line: [make[1]: Entering directory '/home/arjan/Documents/EdgeImpulse/Firmware/example-standalone-inferencing-ecm3532/Applications/edge-impulse-standalone/build2/CMakeFiles/CMakeTmp']
  ignore line: [Building C object CMakeFiles/cmTC_1b748.dir/CMakeCCompilerABI.c.o]
  ignore line: [/usr/bin/arm-none-eabi-gcc --sysroot=/usr/lib/arm-none-eabi   -mcpu=cortex-m3 -mthumb -Wall -fno-exceptions -ffunction-sections -fdata-sections -Wno-unused-variable -nostartfiles -Wno-unused-parameter -Wno-parentheses -Wno-unused-function -ggdb -MD -fno-common -fmessage-length=0 -std=gnu99    -v -o CMakeFiles/cmTC_1b748.dir/CMakeCCompilerABI.c.o   -c /usr/share/cmake-3.16/Modules/CMakeCCompilerABI.c]
  ignore line: [Using built-in specs.]
  ignore line: [COLLECT_GCC=/usr/bin/arm-none-eabi-gcc]
  ignore line: [Target: arm-none-eabi]
  ignore line: [Configured with: ../configure --build=x86_64-linux-gnu --prefix=/usr --includedir='/usr/lib/include' --mandir='/usr/lib/share/man' --infodir='/usr/lib/share/info' --sysconfdir=/etc --localstatedir=/var --disable-silent-rules --libdir='/usr/lib/lib/x86_64-linux-gnu' --libexecdir='/usr/lib/lib/x86_64-linux-gnu' --disable-maintainer-mode --disable-dependency-tracking --mandir=/usr/share/man --enable-languages=c,c++,lto --enable-multilib --disable-decimal-float --disable-libffi --disable-libgomp --disable-libmudflap --disable-libquadmath --disable-libssp --disable-libstdcxx-pch --disable-nls --disable-shared --disable-threads --enable-tls --build=x86_64-linux-gnu --target=arm-none-eabi --with-system-zlib --with-gnu-as --with-gnu-ld --with-pkgversion=15:9-2019-q4-0ubuntu1 --without-included-gettext --prefix=/usr/lib --infodir=/usr/share/doc/gcc-arm-none-eabi/info --htmldir=/usr/share/doc/gcc-arm-none-eabi/html --pdfdir=/usr/share/doc/gcc-arm-none-eabi/pdf --bindir=/usr/bin --libexecdir=/usr/lib --libdir=/usr/lib --disable-libstdc++-v3 --host=x86_64-linux-gnu --with-headers=no --without-newlib --with-multilib-list=rmprofile CFLAGS='-g -O2 -fdebug-prefix-map=/build/gcc-arm-none-eabi-Gl9kT9/gcc-arm-none-eabi-9-2019-q4=. -fstack-protector-strong' CPPFLAGS='-Wdate-time -D_FORTIFY_SOURCE=2' CXXFLAGS='-g -O2 -fdebug-prefix-map=/build/gcc-arm-none-eabi-Gl9kT9/gcc-arm-none-eabi-9-2019-q4=. -fstack-protector-strong' FCFLAGS='-g -O2 -fdebug-prefix-map=/build/gcc-arm-none-eabi-Gl9kT9/gcc-arm-none-eabi-9-2019-q4=. -fstack-protector-strong' FFLAGS='-g -O2 -fdebug-prefix-map=/build/gcc-arm-none-eabi-Gl9kT9/gcc-arm-none-eabi-9-2019-q4=. -fstack-protector-strong' GCJFLAGS='-g -O2 -fdebug-prefix-map=/build/gcc-arm-none-eabi-Gl9kT9/gcc-arm-none-eabi-9-2019-q4=. -fstack-protector-strong' LDFLAGS='-Wl,-Bsymbolic-functions -Wl,-z,relro' OBJCFLAGS='-g -O2 -fdebug-prefix-map=/build/gcc-arm-none-eabi-Gl9kT9/gcc-arm-none-eabi-9-2019-q4=. -fstack-protector-strong' OBJCXXFLAGS='-g -O2 -fdebug-prefix-map=/build/gcc-arm-none-eabi-Gl9kT9/gcc-arm-none-eabi-9-2019-q4=. -fstack-protector-strong' INHIBIT_LIBC_CFLAGS=-DUSE_TM_CLONE_REGISTRY=0 AR_FOR_TARGET=arm-none-eabi-ar AS_FOR_TARGET=arm-none-eabi-as LD_FOR_TARGET=arm-none-eabi-ld NM_FOR_TARGET=arm-none-eabi-nm OBJDUMP_FOR_TARGET=arm-none-eabi-objdump RANLIB_FOR_TARGET=arm-none-eabi-ranlib READELF_FOR_TARGET=arm-none-eabi-readelf STRIP_FOR_TARGET=arm-none-eabi-strip]
  ignore line: [Thread model: single]
  ignore line: [gcc version 9.2.1 20191025 (release) [ARM/arm-9-branch revision 277599] (15:9-2019-q4-0ubuntu1) ]
  ignore line: [COLLECT_GCC_OPTIONS='-mcpu=cortex-m3' '-mthumb' '-Wall' '-fno-exceptions' '-ffunction-sections' '-fdata-sections' '-Wno-unused-variable' '-nostartfiles' '-Wno-unused-parameter' '-Wno-parentheses' '-Wno-unused-function' '-ggdb' '-MD' '-fno-common' '-fmessage-length=0' '-std=gnu99' '-v' '-o' 'CMakeFiles/cmTC_1b748.dir/CMakeCCompilerABI.c.o' '-c' '-mfloat-abi=soft' '-march=armv7-m']
  ignore line: [ /usr/lib/gcc/arm-none-eabi/9.2.1/cc1 -quiet -v -imultilib thumb/v7-m/nofp -isysroot /usr/lib/arm-none-eabi -MD CMakeFiles/cmTC_1b748.dir/CMakeCCompilerABI.c.d -MQ CMakeFiles/cmTC_1b748.dir/CMakeCCompilerABI.c.o -D__USES_INITFINI__ /usr/share/cmake-3.16/Modules/CMakeCCompilerABI.c -quiet -dumpbase CMakeCCompilerABI.c -mcpu=cortex-m3 -mthumb -mfloat-abi=soft -march=armv7-m -auxbase-strip CMakeFiles/cmTC_1b748.dir/CMakeCCompilerABI.c.o -ggdb -Wall -Wno-unused-variable -Wno-unused-parameter -Wno-parentheses -Wno-unused-function -std=gnu99 -version -fno-exceptions -ffunction-sections -fdata-sections -fno-common -fmessage-length=0 -o /tmp/ccBYbqGp.s]
  ignore line: [GNU C99 (15:9-2019-q4-0ubuntu1) version 9.2.1 20191025 (release) [ARM/arm-9-branch revision 277599] (arm-none-eabi)]
  ignore line: [	compiled by GNU C version 9.2.1 20200306  GMP version 6.2.0  MPFR version 4.0.2  MPC version 1.1.0  isl version isl-0.22.1-GMP]
  ignore line: []
  ignore line: [GGC heuristics: --param ggc-min-expand=100 --param ggc-min-heapsize=131072]
  ignore line: [ignoring nonexistent directory "/usr/lib/gcc/arm-none-eabi/9.2.1/../../../arm-none-eabi/sys-include"]
  ignore line: [#include "..." search starts here:]
  ignore line: [#include <...> search starts here:]
  ignore line: [ /usr/lib/gcc/arm-none-eabi/9.2.1/include]
  ignore line: [ /usr/lib/gcc/arm-none-eabi/9.2.1/include-fixed]
  ignore line: [ /usr/lib/gcc/arm-none-eabi/9.2.1/../../../arm-none-eabi/include]
  ignore line: [End of search list.]
  ignore line: [GNU C99 (15:9-2019-q4-0ubuntu1) version 9.2.1 20191025 (release) [ARM/arm-9-branch revision 277599] (arm-none-eabi)]
  ignore line: [	compiled by GNU C version 9.2.1 20200306  GMP version 6.2.0  MPFR version 4.0.2  MPC version 1.1.0  isl version isl-0.22.1-GMP]
  ignore line: []
  ignore line: [GGC heuristics: --param ggc-min-expand=100 --param ggc-min-heapsize=131072]
  ignore line: [Compiler executable checksum: 66eaa5baf4e6721a1f372763dea5d447]
  ignore line: [COLLECT_GCC_OPTIONS='-mcpu=cortex-m3' '-mthumb' '-Wall' '-fno-exceptions' '-ffunction-sections' '-fdata-sections' '-Wno-unused-variable' '-nostartfiles' '-Wno-unused-parameter' '-Wno-parentheses' '-Wno-unused-function' '-ggdb' '-MD' '-fno-common' '-fmessage-length=0' '-std=gnu99' '-v' '-o' 'CMakeFiles/cmTC_1b748.dir/CMakeCCompilerABI.c.o' '-c' '-mfloat-abi=soft' '-march=armv7-m']
  ignore line: [ /usr/lib/gcc/arm-none-eabi/9.2.1/../../../arm-none-eabi/bin/as -v -march=armv7-m -mfloat-abi=soft -meabi=5 -o CMakeFiles/cmTC_1b748.dir/CMakeCCompilerABI.c.o /tmp/ccBYbqGp.s]
  ignore line: [GNU assembler version 2.34 (arm-none-eabi) using BFD version (2.34-4ubuntu1+13ubuntu1) 2.34]
  ignore line: [COMPILER_PATH=/usr/lib/gcc/arm-none-eabi/9.2.1/:/usr/lib/gcc/arm-none-eabi/9.2.1/:/usr/lib/gcc/arm-none-eabi/:/usr/lib/gcc/arm-none-eabi/9.2.1/:/usr/lib/gcc/arm-none-eabi/:/usr/lib/gcc/arm-none-eabi/9.2.1/../../../arm-none-eabi/bin/]
  ignore line: [LIBRARY_PATH=/usr/lib/gcc/arm-none-eabi/9.2.1/thumb/v7-m/nofp/:/usr/lib/gcc/arm-none-eabi/9.2.1/../../../arm-none-eabi/lib/thumb/v7-m/nofp/:/usr/lib/arm-none-eabi/lib/thumb/v7-m/nofp/:/usr/lib/gcc/arm-none-eabi/9.2.1/:/usr/lib/gcc/arm-none-eabi/9.2.1/../../../arm-none-eabi/lib/:/usr/lib/arm-none-eabi/lib/]
  ignore line: [COLLECT_GCC_OPTIONS='-mcpu=cortex-m3' '-mthumb' '-Wall' '-fno-exceptions' '-ffunction-sections' '-fdata-sections' '-Wno-unused-variable' '-nostartfiles' '-Wno-unused-parameter' '-Wno-parentheses' '-Wno-unused-function' '-ggdb' '-MD' '-fno-common' '-fmessage-length=0' '-std=gnu99' '-v' '-o' 'CMakeFiles/cmTC_1b748.dir/CMakeCCompilerABI.c.o' '-c' '-mfloat-abi=soft' '-march=armv7-m']
  ignore line: [Linking C static library libcmTC_1b748.a]
  ignore line: [/usr/bin/cmake -P CMakeFiles/cmTC_1b748.dir/cmake_clean_target.cmake]
  ignore line: [/usr/bin/cmake -E cmake_link_script CMakeFiles/cmTC_1b748.dir/link.txt --verbose=1]
  ignore line: [/usr/bin/arm-none-eabi-ar qc libcmTC_1b748.a  CMakeFiles/cmTC_1b748.dir/CMakeCCompilerABI.c.o]
  ignore line: [/usr/bin/arm-none-eabi-ranlib libcmTC_1b748.a]
  ignore line: [make[1]: Leaving directory '/home/arjan/Documents/EdgeImpulse/Firmware/example-standalone-inferencing-ecm3532/Applications/edge-impulse-standalone/build2/CMakeFiles/CMakeTmp']
  ignore line: []
  ignore line: []
  implicit libs: []
  implicit dirs: []
  implicit fwks: []


Determining if the CXX compiler works passed with the following output:
Change Dir: /home/arjan/Documents/EdgeImpulse/Firmware/example-standalone-inferencing-ecm3532/Applications/edge-impulse-standalone/build2/CMakeFiles/CMakeTmp

Run Build Command(s):/usr/bin/make cmTC_2cc69/fast && /usr/bin/make -f CMakeFiles/cmTC_2cc69.dir/build.make CMakeFiles/cmTC_2cc69.dir/build
make[1]: Entering directory '/home/arjan/Documents/EdgeImpulse/Firmware/example-standalone-inferencing-ecm3532/Applications/edge-impulse-standalone/build2/CMakeFiles/CMakeTmp'
Building CXX object CMakeFiles/cmTC_2cc69.dir/testCXXCompiler.cxx.o
/usr/bin/arm-none-eabi-g++ --sysroot=/usr/lib/arm-none-eabi    -mcpu=cortex-m3 -mthumb -Wall -fno-exceptions -ffunction-sections -fdata-sections -Wno-unused-variable -nostartfiles -Wno-unused-parameter -Wno-parentheses -Wno-unused-function -ggdb -MD -fno-common -fmessage-length=0    -o CMakeFiles/cmTC_2cc69.dir/testCXXCompiler.cxx.o -c /home/arjan/Documents/EdgeImpulse/Firmware/example-standalone-inferencing-ecm3532/Applications/edge-impulse-standalone/build2/CMakeFiles/CMakeTmp/testCXXCompiler.cxx
Linking CXX static library libcmTC_2cc69.a
/usr/bin/cmake -P CMakeFiles/cmTC_2cc69.dir/cmake_clean_target.cmake
/usr/bin/cmake -E cmake_link_script CMakeFiles/cmTC_2cc69.dir/link.txt --verbose=1
/usr/bin/arm-none-eabi-ar qc libcmTC_2cc69.a  CMakeFiles/cmTC_2cc69.dir/testCXXCompiler.cxx.o
/usr/bin/arm-none-eabi-ranlib libcmTC_2cc69.a
make[1]: Leaving directory '/home/arjan/Documents/EdgeImpulse/Firmware/example-standalone-inferencing-ecm3532/Applications/edge-impulse-standalone/build2/CMakeFiles/CMakeTmp'



Detecting CXX compiler ABI info compiled with the following output:
Change Dir: /home/arjan/Documents/EdgeImpulse/Firmware/example-standalone-inferencing-ecm3532/Applications/edge-impulse-standalone/build2/CMakeFiles/CMakeTmp

Run Build Command(s):/usr/bin/make cmTC_3a80b/fast && /usr/bin/make -f CMakeFiles/cmTC_3a80b.dir/build.make CMakeFiles/cmTC_3a80b.dir/build
make[1]: Entering directory '/home/arjan/Documents/EdgeImpulse/Firmware/example-standalone-inferencing-ecm3532/Applications/edge-impulse-standalone/build2/CMakeFiles/CMakeTmp'
Building CXX object CMakeFiles/cmTC_3a80b.dir/CMakeCXXCompilerABI.cpp.o
/usr/bin/arm-none-eabi-g++ --sysroot=/usr/lib/arm-none-eabi    -mcpu=cortex-m3 -mthumb -Wall -fno-exceptions -ffunction-sections -fdata-sections -Wno-unused-variable -nostartfiles -Wno-unused-parameter -Wno-parentheses -Wno-unused-function -ggdb -MD -fno-common -fmessage-length=0    -v -o CMakeFiles/cmTC_3a80b.dir/CMakeCXXCompilerABI.cpp.o -c /usr/share/cmake-3.16/Modules/CMakeCXXCompilerABI.cpp
Using built-in specs.
COLLECT_GCC=/usr/bin/arm-none-eabi-g++
Target: arm-none-eabi
Configured with: ../configure --build=x86_64-linux-gnu --prefix=/usr --includedir='/usr/lib/include' --mandir='/usr/lib/share/man' --infodir='/usr/lib/share/info' --sysconfdir=/etc --localstatedir=/var --disable-silent-rules --libdir='/usr/lib/lib/x86_64-linux-gnu' --libexecdir='/usr/lib/lib/x86_64-linux-gnu' --disable-maintainer-mode --disable-dependency-tracking --mandir=/usr/share/man --enable-languages=c,c++,lto --enable-multilib --disable-decimal-float --disable-libffi --disable-libgomp --disable-libmudflap --disable-libquadmath --disable-libssp --disable-libstdcxx-pch --disable-nls --disable-shared --disable-threads --enable-tls --build=x86_64-linux-gnu --target=arm-none-eabi --with-system-zlib --with-gnu-as --with-gnu-ld --with-pkgversion=15:9-2019-q4-0ubuntu1 --without-included-gettext --prefix=/usr/lib --infodir=/usr/share/doc/gcc-arm-none-eabi/info --htmldir=/usr/share/doc/gcc-arm-none-eabi/html --pdfdir=/usr/share/doc/gcc-arm-none-eabi/pdf --bindir=/usr/bin --libexecdir=/usr/lib --libdir=/usr/lib --disable-libstdc++-v3 --host=x86_64-linux-gnu --with-headers=no --without-newlib --with-multilib-list=rmprofile CFLAGS='-g -O2 -fdebug-prefix-map=/build/gcc-arm-none-eabi-Gl9kT9/gcc-arm-none-eabi-9-2019-q4=. -fstack-protector-strong' CPPFLAGS='-Wdate-time -D_FORTIFY_SOURCE=2' CXXFLAGS='-g -O2 -fdebug-prefix-map=/build/gcc-arm-none-eabi-Gl9kT9/gcc-arm-none-eabi-9-2019-q4=. -fstack-protector-strong' FCFLAGS='-g -O2 -fdebug-prefix-map=/build/gcc-arm-none-eabi-Gl9kT9/gcc-arm-none-eabi-9-2019-q4=. -fstack-protector-strong' FFLAGS='-g -O2 -fdebug-prefix-map=/build/gcc-arm-none-eabi-Gl9kT9/gcc-arm-none-eabi-9-2019-q4=. -fstack-protector-strong' GCJFLAGS='-g -O2 -fdebug-prefix-map=/build/gcc-arm-none-eabi-Gl9kT9/gcc-arm-none-eabi-9-2019-q4=. -fstack-protector-strong' LDFLAGS='-Wl,-Bsymbolic-functions -Wl,-z,relro' OBJCFLAGS='-g -O2 -fdebug-prefix-map=/build/gcc-arm-none-eabi-Gl9kT9/gcc-arm-none-eabi-9-2019-q4=. -fstack-protector-strong' OBJCXXFLAGS='-g -O2 -fdebug-prefix-map=/build/gcc-arm-none-eabi-Gl9kT9/gcc-arm-none-eabi-9-2019-q4=. -fstack-protector-strong' INHIBIT_LIBC_CFLAGS=-DUSE_TM_CLONE_REGISTRY=0 AR_FOR_TARGET=arm-none-eabi-ar AS_FOR_TARGET=arm-none-eabi-as LD_FOR_TARGET=arm-none-eabi-ld NM_FOR_TARGET=arm-none-eabi-nm OBJDUMP_FOR_TARGET=arm-none-eabi-objdump RANLIB_FOR_TARGET=arm-none-eabi-ranlib READELF_FOR_TARGET=arm-none-eabi-readelf STRIP_FOR_TARGET=arm-none-eabi-strip
Thread model: single
gcc version 9.2.1 20191025 (release) [ARM/arm-9-branch revision 277599] (15:9-2019-q4-0ubuntu1) 
COLLECT_GCC_OPTIONS='-mcpu=cortex-m3' '-mthumb' '-Wall' '-fno-exceptions' '-ffunction-sections' '-fdata-sections' '-Wno-unused-variable' '-nostartfiles' '-Wno-unused-parameter' '-Wno-parentheses' '-Wno-unused-function' '-ggdb' '-MD' '-fno-common' '-fmessage-length=0' '-v' '-o' 'CMakeFiles/cmTC_3a80b.dir/CMakeCXXCompilerABI.cpp.o' '-c' '-mfloat-abi=soft' '-march=armv7-m'
 /usr/lib/gcc/arm-none-eabi/9.2.1/cc1plus -quiet -v -imultilib thumb/v7-m/nofp -isysroot /usr/lib/arm-none-eabi -MD CMakeFiles/cmTC_3a80b.dir/CMakeCXXCompilerABI.cpp.d -MQ CMakeFiles/cmTC_3a80b.dir/CMakeCXXCompilerABI.cpp.o -D__USES_INITFINI__ /usr/share/cmake-3.16/Modules/CMakeCXXCompilerABI.cpp -quiet -dumpbase CMakeCXXCompilerABI.cpp -mcpu=cortex-m3 -mthumb -mfloat-abi=soft -march=armv7-m -auxbase-strip CMakeFiles/cmTC_3a80b.dir/CMakeCXXCompilerABI.cpp.o -ggdb -Wall -Wno-unused-variable -Wno-unused-parameter -Wno-parentheses -Wno-unused-function -version -fno-exceptions -ffunction-sections -fdata-sections -fno-common -fmessage-length=0 -o /tmp/cce3PIhw.s
GNU C++14 (15:9-2019-q4-0ubuntu1) version 9.2.1 20191025 (release) [ARM/arm-9-branch revision 277599] (arm-none-eabi)
	compiled by GNU C version 9.2.1 20200306, GMP version 6.2.0, MPFR version 4.0.2, MPC version 1.1.0, isl version isl-0.22.1-GMP

GGC heuristics: --param ggc-min-expand=100 --param ggc-min-heapsize=131072
ignoring nonexistent directory "/usr/lib/gcc/arm-none-eabi/9.2.1/../../../arm-none-eabi/sys-include"
#include "..." search starts here:
#include <...> search starts here:
 /usr/lib/gcc/arm-none-eabi/9.2.1/../../../arm-none-eabi/include/c++/9.2.1
 /usr/lib/gcc/arm-none-eabi/9.2.1/../../../arm-none-eabi/include/c++/9.2.1/arm-none-eabi/thumb/v7-m/nofp
 /usr/lib/gcc/arm-none-eabi/9.2.1/../../../arm-none-eabi/include/c++/9.2.1/backward
 /usr/lib/gcc/arm-none-eabi/9.2.1/include
 /usr/lib/gcc/arm-none-eabi/9.2.1/include-fixed
 /usr/lib/gcc/arm-none-eabi/9.2.1/../../../arm-none-eabi/include
End of search list.
GNU C++14 (15:9-2019-q4-0ubuntu1) version 9.2.1 20191025 (release) [ARM/arm-9-branch revision 277599] (arm-none-eabi)
	compiled by GNU C version 9.2.1 20200306, GMP version 6.2.0, MPFR version 4.0.2, MPC version 1.1.0, isl version isl-0.22.1-GMP

GGC heuristics: --param ggc-min-expand=100 --param ggc-min-heapsize=131072
Compiler executable checksum: 436e93aa8fa680a3cfe96e9899888e8f
COLLECT_GCC_OPTIONS='-mcpu=cortex-m3' '-mthumb' '-Wall' '-fno-exceptions' '-ffunction-sections' '-fdata-sections' '-Wno-unused-variable' '-nostartfiles' '-Wno-unused-parameter' '-Wno-parentheses' '-Wno-unused-function' '-ggdb' '-MD' '-fno-common' '-fmessage-length=0' '-v' '-o' 'CMakeFiles/cmTC_3a80b.dir/CMakeCXXCompilerABI.cpp.o' '-c' '-mfloat-abi=soft' '-march=armv7-m'
 /usr/lib/gcc/arm-none-eabi/9.2.1/../../../arm-none-eabi/bin/as -v -march=armv7-m -mfloat-abi=soft -meabi=5 -o CMakeFiles/cmTC_3a80b.dir/CMakeCXXCompilerABI.cpp.o /tmp/cce3PIhw.s
GNU assembler version 2.34 (arm-none-eabi) using BFD version (2.34-4ubuntu1+13ubuntu1) 2.34
COMPILER_PATH=/usr/lib/gcc/arm-none-eabi/9.2.1/:/usr/lib/gcc/arm-none-eabi/9.2.1/:/usr/lib/gcc/arm-none-eabi/:/usr/lib/gcc/arm-none-eabi/9.2.1/:/usr/lib/gcc/arm-none-eabi/:/usr/lib/gcc/arm-none-eabi/9.2.1/../../../arm-none-eabi/bin/
LIBRARY_PATH=/usr/lib/gcc/arm-none-eabi/9.2.1/thumb/v7-m/nofp/:/usr/lib/gcc/arm-none-eabi/9.2.1/../../../arm-none-eabi/lib/thumb/v7-m/nofp/:/usr/lib/arm-none-eabi/lib/thumb/v7-m/nofp/:/usr/lib/gcc/arm-none-eabi/9.2.1/:/usr/lib/gcc/arm-none-eabi/9.2.1/../../../arm-none-eabi/lib/:/usr/lib/arm-none-eabi/lib/
COLLECT_GCC_OPTIONS='-mcpu=cortex-m3' '-mthumb' '-Wall' '-fno-exceptions' '-ffunction-sections' '-fdata-sections' '-Wno-unused-variable' '-nostartfiles' '-Wno-unused-parameter' '-Wno-parentheses' '-Wno-unused-function' '-ggdb' '-MD' '-fno-common' '-fmessage-length=0' '-v' '-o' 'CMakeFiles/cmTC_3a80b.dir/CMakeCXXCompilerABI.cpp.o' '-c' '-mfloat-abi=soft' '-march=armv7-m'
Linking CXX static library libcmTC_3a80b.a
/usr/bin/cmake -P CMakeFiles/cmTC_3a80b.dir/cmake_clean_target.cmake
/usr/bin/cmake -E cmake_link_script CMakeFiles/cmTC_3a80b.dir/link.txt --verbose=1
/usr/bin/arm-none-eabi-ar qc libcmTC_3a80b.a  CMakeFiles/cmTC_3a80b.dir/CMakeCXXCompilerABI.cpp.o
/usr/bin/arm-none-eabi-ranlib libcmTC_3a80b.a
make[1]: Leaving directory '/home/arjan/Documents/EdgeImpulse/Firmware/example-standalone-inferencing-ecm3532/Applications/edge-impulse-standalone/build2/CMakeFiles/CMakeTmp'



Parsed CXX implicit include dir info from above output: rv=done
  found start of include info
  found start of implicit include info
    add: [/usr/lib/gcc/arm-none-eabi/9.2.1/../../../arm-none-eabi/include/c++/9.2.1]
    add: [/usr/lib/gcc/arm-none-eabi/9.2.1/../../../arm-none-eabi/include/c++/9.2.1/arm-none-eabi/thumb/v7-m/nofp]
    add: [/usr/lib/gcc/arm-none-eabi/9.2.1/../../../arm-none-eabi/include/c++/9.2.1/backward]
    add: [/usr/lib/gcc/arm-none-eabi/9.2.1/include]
    add: [/usr/lib/gcc/arm-none-eabi/9.2.1/include-fixed]
    add: [/usr/lib/gcc/arm-none-eabi/9.2.1/../../../arm-none-eabi/include]
  end of search list found
  collapse include dir [/usr/lib/gcc/arm-none-eabi/9.2.1/../../../arm-none-eabi/include/c++/9.2.1] ==> [/usr/lib/arm-none-eabi/include/c++/9.2.1]
  collapse include dir [/usr/lib/gcc/arm-none-eabi/9.2.1/../../../arm-none-eabi/include/c++/9.2.1/arm-none-eabi/thumb/v7-m/nofp] ==> [/usr/lib/arm-none-eabi/include/c++/9.2.1/arm-none-eabi/thumb/v7-m/nofp]
  collapse include dir [/usr/lib/gcc/arm-none-eabi/9.2.1/../../../arm-none-eabi/include/c++/9.2.1/backward] ==> [/usr/lib/arm-none-eabi/include/c++/9.2.1/backward]
  collapse include dir [/usr/lib/gcc/arm-none-eabi/9.2.1/include] ==> [/usr/lib/gcc/arm-none-eabi/9.2.1/include]
  collapse include dir [/usr/lib/gcc/arm-none-eabi/9.2.1/include-fixed] ==> [/usr/lib/gcc/arm-none-eabi/9.2.1/include-fixed]
  collapse include dir [/usr/lib/gcc/arm-none-eabi/9.2.1/../../../arm-none-eabi/include] ==> [/usr/lib/arm-none-eabi/include]
  implicit include dirs: [/usr/lib/arm-none-eabi/include/c++/9.2.1;/usr/lib/arm-none-eabi/include/c++/9.2.1/arm-none-eabi/thumb/v7-m/nofp;/usr/lib/arm-none-eabi/include/c++/9.2.1/backward;/usr/lib/gcc/arm-none-eabi/9.2.1/include;/usr/lib/gcc/arm-none-eabi/9.2.1/include-fixed;/usr/lib/arm-none-eabi/include]


Parsed CXX implicit link information from above output:
  link line regex: [^( *|.*[/\])(arm-none-eabi-ld|CMAKE_LINK_STARTFILE-NOTFOUND|([^/\]+-)?ld|collect2)[^/\]*( |$)]
  ignore line: [Change Dir: /home/arjan/Documents/EdgeImpulse/Firmware/example-standalone-inferencing-ecm3532/Applications/edge-impulse-standalone/build2/CMakeFiles/CMakeTmp]
  ignore line: []
  ignore line: [Run Build Command(s):/usr/bin/make cmTC_3a80b/fast && /usr/bin/make -f CMakeFiles/cmTC_3a80b.dir/build.make CMakeFiles/cmTC_3a80b.dir/build]
  ignore line: [make[1]: Entering directory '/home/arjan/Documents/EdgeImpulse/Firmware/example-standalone-inferencing-ecm3532/Applications/edge-impulse-standalone/build2/CMakeFiles/CMakeTmp']
  ignore line: [Building CXX object CMakeFiles/cmTC_3a80b.dir/CMakeCXXCompilerABI.cpp.o]
  ignore line: [/usr/bin/arm-none-eabi-g++ --sysroot=/usr/lib/arm-none-eabi    -mcpu=cortex-m3 -mthumb -Wall -fno-exceptions -ffunction-sections -fdata-sections -Wno-unused-variable -nostartfiles -Wno-unused-parameter -Wno-parentheses -Wno-unused-function -ggdb -MD -fno-common -fmessage-length=0    -v -o CMakeFiles/cmTC_3a80b.dir/CMakeCXXCompilerABI.cpp.o -c /usr/share/cmake-3.16/Modules/CMakeCXXCompilerABI.cpp]
  ignore line: [Using built-in specs.]
  ignore line: [COLLECT_GCC=/usr/bin/arm-none-eabi-g++]
  ignore line: [Target: arm-none-eabi]
  ignore line: [Configured with: ../configure --build=x86_64-linux-gnu --prefix=/usr --includedir='/usr/lib/include' --mandir='/usr/lib/share/man' --infodir='/usr/lib/share/info' --sysconfdir=/etc --localstatedir=/var --disable-silent-rules --libdir='/usr/lib/lib/x86_64-linux-gnu' --libexecdir='/usr/lib/lib/x86_64-linux-gnu' --disable-maintainer-mode --disable-dependency-tracking --mandir=/usr/share/man --enable-languages=c,c++,lto --enable-multilib --disable-decimal-float --disable-libffi --disable-libgomp --disable-libmudflap --disable-libquadmath --disable-libssp --disable-libstdcxx-pch --disable-nls --disable-shared --disable-threads --enable-tls --build=x86_64-linux-gnu --target=arm-none-eabi --with-system-zlib --with-gnu-as --with-gnu-ld --with-pkgversion=15:9-2019-q4-0ubuntu1 --without-included-gettext --prefix=/usr/lib --infodir=/usr/share/doc/gcc-arm-none-eabi/info --htmldir=/usr/share/doc/gcc-arm-none-eabi/html --pdfdir=/usr/share/doc/gcc-arm-none-eabi/pdf --bindir=/usr/bin --libexecdir=/usr/lib --libdir=/usr/lib --disable-libstdc++-v3 --host=x86_64-linux-gnu --with-headers=no --without-newlib --with-multilib-list=rmprofile CFLAGS='-g -O2 -fdebug-prefix-map=/build/gcc-arm-none-eabi-Gl9kT9/gcc-arm-none-eabi-9-2019-q4=. -fstack-protector-strong' CPPFLAGS='-Wdate-time -D_FORTIFY_SOURCE=2' CXXFLAGS='-g -O2 -fdebug-prefix-map=/build/gcc-arm-none-eabi-Gl9kT9/gcc-arm-none-eabi-9-2019-q4=. -fstack-protector-strong' FCFLAGS='-g -O2 -fdebug-prefix-map=/build/gcc-arm-none-eabi-Gl9kT9/gcc-arm-none-eabi-9-2019-q4=. -fstack-protector-strong' FFLAGS='-g -O2 -fdebug-prefix-map=/build/gcc-arm-none-eabi-Gl9kT9/gcc-arm-none-eabi-9-2019-q4=. -fstack-protector-strong' GCJFLAGS='-g -O2 -fdebug-prefix-map=/build/gcc-arm-none-eabi-Gl9kT9/gcc-arm-none-eabi-9-2019-q4=. -fstack-protector-strong' LDFLAGS='-Wl,-Bsymbolic-functions -Wl,-z,relro' OBJCFLAGS='-g -O2 -fdebug-prefix-map=/build/gcc-arm-none-eabi-Gl9kT9/gcc-arm-none-eabi-9-2019-q4=. -fstack-protector-strong' OBJCXXFLAGS='-g -O2 -fdebug-prefix-map=/build/gcc-arm-none-eabi-Gl9kT9/gcc-arm-none-eabi-9-2019-q4=. -fstack-protector-strong' INHIBIT_LIBC_CFLAGS=-DUSE_TM_CLONE_REGISTRY=0 AR_FOR_TARGET=arm-none-eabi-ar AS_FOR_TARGET=arm-none-eabi-as LD_FOR_TARGET=arm-none-eabi-ld NM_FOR_TARGET=arm-none-eabi-nm OBJDUMP_FOR_TARGET=arm-none-eabi-objdump RANLIB_FOR_TARGET=arm-none-eabi-ranlib READELF_FOR_TARGET=arm-none-eabi-readelf STRIP_FOR_TARGET=arm-none-eabi-strip]
  ignore line: [Thread model: single]
  ignore line: [gcc version 9.2.1 20191025 (release) [ARM/arm-9-branch revision 277599] (15:9-2019-q4-0ubuntu1) ]
  ignore line: [COLLECT_GCC_OPTIONS='-mcpu=cortex-m3' '-mthumb' '-Wall' '-fno-exceptions' '-ffunction-sections' '-fdata-sections' '-Wno-unused-variable' '-nostartfiles' '-Wno-unused-parameter' '-Wno-parentheses' '-Wno-unused-function' '-ggdb' '-MD' '-fno-common' '-fmessage-length=0' '-v' '-o' 'CMakeFiles/cmTC_3a80b.dir/CMakeCXXCompilerABI.cpp.o' '-c' '-mfloat-abi=soft' '-march=armv7-m']
  ignore line: [ /usr/lib/gcc/arm-none-eabi/9.2.1/cc1plus -quiet -v -imultilib thumb/v7-m/nofp -isysroot /usr/lib/arm-none-eabi -MD CMakeFiles/cmTC_3a80b.dir/CMakeCXXCompilerABI.cpp.d -MQ CMakeFiles/cmTC_3a80b.dir/CMakeCXXCompilerABI.cpp.o -D__USES_INITFINI__ /usr/share/cmake-3.16/Modules/CMakeCXXCompilerABI.cpp -quiet -dumpbase CMakeCXXCompilerABI.cpp -mcpu=cortex-m3 -mthumb -mfloat-abi=soft -march=armv7-m -auxbase-strip CMakeFiles/cmTC_3a80b.dir/CMakeCXXCompilerABI.cpp.o -ggdb -Wall -Wno-unused-variable -Wno-unused-parameter -Wno-parentheses -Wno-unused-function -version -fno-exceptions -ffunction-sections -fdata-sections -fno-common -fmessage-length=0 -o /tmp/cce3PIhw.s]
  ignore line: [GNU C++14 (15:9-2019-q4-0ubuntu1) version 9.2.1 20191025 (release) [ARM/arm-9-branch revision 277599] (arm-none-eabi)]
  ignore line: [	compiled by GNU C version 9.2.1 20200306  GMP version 6.2.0  MPFR version 4.0.2  MPC version 1.1.0  isl version isl-0.22.1-GMP]
  ignore line: []
  ignore line: [GGC heuristics: --param ggc-min-expand=100 --param ggc-min-heapsize=131072]
  ignore line: [ignoring nonexistent directory "/usr/lib/gcc/arm-none-eabi/9.2.1/../../../arm-none-eabi/sys-include"]
  ignore line: [#include "..." search starts here:]
  ignore line: [#include <...> search starts here:]
  ignore line: [ /usr/lib/gcc/arm-none-eabi/9.2.1/../../../arm-none-eabi/include/c++/9.2.1]
  ignore line: [ /usr/lib/gcc/arm-none-eabi/9.2.1/../../../arm-none-eabi/include/c++/9.2.1/arm-none-eabi/thumb/v7-m/nofp]
  ignore line: [ /usr/lib/gcc/arm-none-eabi/9.2.1/../../../arm-none-eabi/include/c++/9.2.1/backward]
  ignore line: [ /usr/lib/gcc/arm-none-eabi/9.2.1/include]
  ignore line: [ /usr/lib/gcc/arm-none-eabi/9.2.1/include-fixed]
  ignore line: [ /usr/lib/gcc/arm-none-eabi/9.2.1/../../../arm-none-eabi/include]
  ignore line: [End of search list.]
  ignore line: [GNU C++14 (15:9-2019-q4-0ubuntu1) version 9.2.1 20191025 (release) [ARM/arm-9-branch revision 277599] (arm-none-eabi)]
  ignore line: [	compiled by GNU C version 9.2.1 20200306  GMP version 6.2.0  MPFR version 4.0.2  MPC version 1.1.0  isl version isl-0.22.1-GMP]
  ignore line: []
  ignore line: [GGC heuristics: --param ggc-min-expand=100 --param ggc-min-heapsize=131072]
  ignore line: [Compiler executable checksum: 436e93aa8fa680a3cfe96e9899888e8f]
  ignore line: [COLLECT_GCC_OPTIONS='-mcpu=cortex-m3' '-mthumb' '-Wall' '-fno-exceptions' '-ffunction-sections' '-fdata-sections' '-Wno-unused-variable' '-nostartfiles' '-Wno-unused-parameter' '-Wno-parentheses' '-Wno-unused-function' '-ggdb' '-MD' '-fno-common' '-fmessage-length=0' '-v' '-o' 'CMakeFiles/cmTC_3a80b.dir/CMakeCXXCompilerABI.cpp.o' '-c' '-mfloat-abi=soft' '-march=armv7-m']
  ignore line: [ /usr/lib/gcc/arm-none-eabi/9.2.1/../../../arm-none-eabi/bin/as -v -march=armv7-m -mfloat-abi=soft -meabi=5 -o CMakeFiles/cmTC_3a80b.dir/CMakeCXXCompilerABI.cpp.o /tmp/cce3PIhw.s]
  ignore line: [GNU assembler version 2.34 (arm-none-eabi) using BFD version (2.34-4ubuntu1+13ubuntu1) 2.34]
  ignore line: [COMPILER_PATH=/usr/lib/gcc/arm-none-eabi/9.2.1/:/usr/lib/gcc/arm-none-eabi/9.2.1/:/usr/lib/gcc/arm-none-eabi/:/usr/lib/gcc/arm-none-eabi/9.2.1/:/usr/lib/gcc/arm-none-eabi/:/usr/lib/gcc/arm-none-eabi/9.2.1/../../../arm-none-eabi/bin/]
  ignore line: [LIBRARY_PATH=/usr/lib/gcc/arm-none-eabi/9.2.1/thumb/v7-m/nofp/:/usr/lib/gcc/arm-none-eabi/9.2.1/../../../arm-none-eabi/lib/thumb/v7-m/nofp/:/usr/lib/arm-none-eabi/lib/thumb/v7-m/nofp/:/usr/lib/gcc/arm-none-eabi/9.2.1/:/usr/lib/gcc/arm-none-eabi/9.2.1/../../../arm-none-eabi/lib/:/usr/lib/arm-none-eabi/lib/]
  ignore line: [COLLECT_GCC_OPTIONS='-mcpu=cortex-m3' '-mthumb' '-Wall' '-fno-exceptions' '-ffunction-sections' '-fdata-sections' '-Wno-unused-variable' '-nostartfiles' '-Wno-unused-parameter' '-Wno-parentheses' '-Wno-unused-function' '-ggdb' '-MD' '-fno-common' '-fmessage-length=0' '-v' '-o' 'CMakeFiles/cmTC_3a80b.dir/CMakeCXXCompilerABI.cpp.o' '-c' '-mfloat-abi=soft' '-march=armv7-m']
  ignore line: [Linking CXX static library libcmTC_3a80b.a]
  ignore line: [/usr/bin/cmake -P CMakeFiles/cmTC_3a80b.dir/cmake_clean_target.cmake]
  ignore line: [/usr/bin/cmake -E cmake_link_script CMakeFiles/cmTC_3a80b.dir/link.txt --verbose=1]
  ignore line: [/usr/bin/arm-none-eabi-ar qc libcmTC_3a80b.a  CMakeFiles/cmTC_3a80b.dir/CMakeCXXCompilerABI.cpp.o]
  ignore line: [/usr/bin/arm-none-eabi-ranlib libcmTC_3a80b.a]
  ignore line: [make[1]: Leaving directory '/home/arjan/Documents/EdgeImpulse/Firmware/example-standalone-inferencing-ecm3532/Applications/edge-impulse-standalone/build2/CMakeFiles/CMakeTmp']
  ignore line: []
  ignore line: []
  implicit libs: []
  implicit dirs: []
  implicit fwks: []


